C51 COMPILER V9.57.0.0   TRANS                                                             06/19/2024 20:36:01 PAGE 1   


C51 COMPILER V9.57.0.0, COMPILATION OF MODULE TRANS
OBJECT MODULE PLACED IN .\Objects\trans.obj
COMPILER INVOKED BY: C:\Keil_v5\C51\BIN\C51.EXE trans.c OPTIMIZE(8,SPEED) BROWSE DEBUG OBJECTEXTEND PRINT(.\Listings\tra
                    -ns.lst) TABS(2) OBJECT(.\Objects\trans.obj)

line level    source

   1          #include <reg52.h>
   2          char original[] = {0xf0,0x};
*** ERROR C281 IN LINE 2 OF trans.c: illegal hex constant
   3          // 目标字符组
   4          char target[] = "bcdef";
   5          
   6          /*// 映射函数
   7          unsigned char somef(char ch) {
   8              for (int i = 0; i < sizeof(original); i++) {
   9                  if (ch == original[i]) {
  10                      return target[i];
  11                  }
  12              }
  13              return ch;  // 如果字符不在原字符组中，返回原字符
  14          }*/

C51 COMPILATION COMPLETE.  0 WARNING(S),  1 ERROR(S)
