C51 COMPILER V9.57.0.0   LCD                                                               06/21/2024 18:50:07 PAGE 1   


C51 COMPILER V9.57.0.0, COMPILATION OF MODULE LCD
OBJECT MODULE PLACED IN .\Objects\lcd.obj
COMPILER INVOKED BY: C:\Keil_v5\C51\BIN\C51.EXE lcd.c OPTIMIZE(8,SPEED) BROWSE DEBUG OBJECTEXTEND PRINT(.\Listings\lcd.l
                    -st) TABS(2) OBJECT(.\Objects\lcd.obj)

line level    source

   1          #include <regx52.h>
   2          #include "lcd.h"
   3          #include "delay.h"
   4          #define LCD_DataPort P0
   5          sbit LCD_RS = P2^0;
   6          sbit LCD_RW = P2^1;
   7          sbit LCD_E = P2^2;
   8          
   9          void LCD_Delay1ms(int z)//延时函数
  10          {
  11   1        delay_us(z*1000);
  12   1      }
  13          
  14          void LCD_WriteCommand(unsigned char Command)
  15          {
  16   1        LCD_RS = 0;
  17   1        LCD_RW = 0;
  18   1        LCD_DataPort = Command;
  19   1        LCD_E = 1;
  20   1        LCD_Delay1ms(1);
  21   1        LCD_E = 0;
  22   1        LCD_Delay1ms(1);
  23   1      }
  24          
  25          void LCD_WriteData(unsigned char Data)
  26          {
  27   1        LCD_RS = 1;
  28   1        LCD_RW = 0;
  29   1        LCD_DataPort = Data;
  30   1        LCD_E = 1;
  31   1        LCD_Delay1ms(1);
  32   1        LCD_E = 0;
  33   1        LCD_Delay1ms(1);
  34   1      }
  35          void LCD_Init(void)
  36          {
  37   1        LCD_WriteCommand(0x38);
  38   1        LCD_WriteCommand(0x0c);
  39   1        LCD_WriteCommand(0x06);
  40   1        LCD_WriteCommand(0x01);
  41   1      }
  42          void LCD_SetCursor(unsigned char Line,unsigned char Columu)
  43          {
  44   1        if(Line == 1){
  45   2          LCD_WriteCommand(0x80 | (Columu - 1));
  46   2        }
  47   1        else{
  48   2          LCD_WriteCommand((0x80 | Columu - 1) + 0x40);
  49   2        }
  50   1      }
  51          void LCD_Showchar(unsigned char Line,unsigned char Columu,unsigned char Char)
  52          {
  53   1        LCD_SetCursor(Line,Columu);
  54   1        LCD_WriteData(Char);
C51 COMPILER V9.57.0.0   LCD                                                               06/21/2024 18:50:07 PAGE 2   

  55   1      }
  56          void LCD_ShowString(unsigned char Line,unsigned char Columu,unsigned char *String)
  57          {
  58   1        unsigned char i;
  59   1        unsigned char* error = "OUT OF LENGTH";
  60   1        /*if(String[16]!='\0')
  61   1        {
  62   1            LCD_SetCursor(Line,Columu);
  63   1        for(i=0;error[i]!='\0';i++)
  64   1          LCD_WriteData(error[i]);
  65   1        }else*/{
  66   2        LCD_SetCursor(Line,Columu);
  67   2        for(i=0;String[i]!='\0';i++)
  68   2          LCD_WriteData(String[i]);
  69   2      
  70   2        }
  71   1      }


MODULE INFORMATION:   STATIC OVERLAYABLE
   CODE SIZE        =    147    ----
   CONSTANT SIZE    =     14    ----
   XDATA SIZE       =   ----    ----
   PDATA SIZE       =   ----    ----
   DATA SIZE        =   ----       9
   IDATA SIZE       =   ----    ----
   BIT SIZE         =   ----    ----
END OF MODULE INFORMATION.


C51 COMPILATION COMPLETE.  0 WARNING(S),  0 ERROR(S)
