C51 COMPILER V9.57.0.0   UART                                                              06/21/2024 18:50:08 PAGE 1   


C51 COMPILER V9.57.0.0, COMPILATION OF MODULE UART
OBJECT MODULE PLACED IN .\Objects\uart.obj
COMPILER INVOKED BY: C:\Keil_v5\C51\BIN\C51.EXE uart.c OPTIMIZE(8,SPEED) BROWSE DEBUG OBJECTEXTEND PRINT(.\Listings\uart
                    -.lst) TABS(2) OBJECT(.\Objects\uart.obj)

line level    source

   1          #include <reg52.h>
   2          #include "delay.h"
   3          void uart_init(unsigned int baud)
   4          {
   5   1          //TMOD &= 0x0F;  // 清除TMOD中定时器1的高4位
   6   1          TMOD |= 0x20;  // 设置定时器1为模式2（8位自动重装）
   7   1      
   8   1          SCON = 0x50;   // 设置串口模式1（8位数据，1停止位，无校验）
   9   1          
  10   1          PCON |= 0x80;  // 设置波特率倍增位（SMOD位）
  11   1      
  12   1          TH1 = baud;    // 设置定时器1高位
  13   1          TL1 = baud;    // 设置定时器1低位
  14   1      
  15   1          ES = 1;        // 使能串口中断
  16   1          EA = 1;        // 使能总中断
  17   1          TR1 = 1;       // 启动定时器1
  18   1      }
  19          
  20          void UartSendByte(unsigned char Dat)
  21          {
  22   1          unsigned int timeout = 10000; // 超时计数器，值可以根据需要调整
  23   1      
  24   1          SBUF = Dat;
  25   1      
  26   1          while(TI == 0&&timeout>0)
  27   1          {
  28   2              timeout--;
  29   2          }
  30   1      
  31   1          TI = 0;
  32   1      }
  33          
  34          void UartSendString(unsigned char *str)
  35          {
  36   1        while(*str != '\0')
  37   1        {UartSendByte(*str);
  38   2          str++;
  39   2        }
  40   1      }


MODULE INFORMATION:   STATIC OVERLAYABLE
   CODE SIZE        =     67    ----
   CONSTANT SIZE    =   ----    ----
   XDATA SIZE       =   ----    ----
   PDATA SIZE       =   ----    ----
   DATA SIZE        =   ----    ----
   IDATA SIZE       =   ----    ----
   BIT SIZE         =   ----    ----
END OF MODULE INFORMATION.


C51 COMPILATION COMPLETE.  0 WARNING(S),  0 ERROR(S)
