C51 COMPILER V9.57.0.0   DELAY                                                             06/23/2024 11:37:09 PAGE 1   


C51 COMPILER V9.57.0.0, COMPILATION OF MODULE DELAY
OBJECT MODULE PLACED IN .\Objects\delay.obj
COMPILER INVOKED BY: C:\Keil_v5\C51\BIN\C51.EXE delay.c OPTIMIZE(8,SPEED) BROWSE DEBUG OBJECTEXTEND PRINT(.\Listings\del
                    -ay.lst) TABS(2) OBJECT(.\Objects\delay.obj)

line level    source

   1          #include <reg52.h>
   2          #include "delay.h"
   3          /*It genarates a approximate delay of 10us for each count,
   4          if 5000 is passed as the argument then it generates a delay of apprx 50ms.*/
   5          void delay_us(unsigned int us_count)
   6          {
   7   1        while(us_count!=0)
   8   1        {
   9   2          us_count--;
  10   2        }
  11   1      }
  12          
  13          /*It genarates a approximate delay of 1ms for each count, 
  14          if 1000 is passed as the argument then it generates delay of apprx 1000ms(1sec)*/
  15          void delay_ms(unsigned int l)
  16          {
  17   1         unsigned char i,j; 
  18   1         for(i=0;i<(10*l);i++)
  19   1          for(j=0;j<33;j++)
  20   1           ;     
  21   1       }
  22          
  23          /*It genarates a approximate delay of 1sec for each count,
  24          if 10 is passed as the argument then it generates delay of apprx 10sec
  25          note: A max of 255 sec delay can be generated using this function.*/
  26          /*void delay_sec(unsigned char sec_count)
  27          {
  28            while(sec_count!=0)
  29            {
  30              delay_ms(1000); //delay_ms is called to generate 1sec delay 
  31              sec_count--;
  32            }
  33          }*/


MODULE INFORMATION:   STATIC OVERLAYABLE
   CODE SIZE        =     46    ----
   CONSTANT SIZE    =   ----    ----
   XDATA SIZE       =   ----    ----
   PDATA SIZE       =   ----    ----
   DATA SIZE        =   ----    ----
   IDATA SIZE       =   ----    ----
   BIT SIZE         =   ----    ----
END OF MODULE INFORMATION.


C51 COMPILATION COMPLETE.  0 WARNING(S),  0 ERROR(S)
